13526667788	116.225404,40.258186	[2018-11-11 16:02:08]15622223333	116.410886,39.881949	[2018-11-11 16:02:08]13526667788	116.410886,39.881949	[2018-11-11 16:02:08]13526667788	116.397026,39.918058	[2018-11-11 16:02:08]13526667788	116.397026,39.918058	[2018-11-11 16:02:08]15677778888	116.410886,39.881949	[2018-11-11 16:02:15]15677778888	116.399466,39.989743	[2018-11-11 16:02:15]15677778888	116.410886,39.881949	[2018-11-11 16:02:15]15677778888	116.225404,40.258186	[2018-11-11 16:02:15]15677778888	116.410886,39.881949	[2018-11-11 16:02:15]15677778888	116.225404,40.258186	[2018-11-11 16:02:25]15677778888	116.272876,39.99243	[2018-11-11 16:02:25]15622223333	116.272876,39.99243	[2018-11-11 16:02:25]15622223333	116.544079,40.417555	[2018-11-11 16:02:25]15677778888	116.272876,39.99243	[2018-11-11 16:02:25]123
15622223333	116.225404,40.258186	[2018-11-11 16:03:00]15677778888	116.225404,40.258186	[2018-11-11 16:03:00]15677778888	116.399466,39.989743	[2018-11-11 16:03:00]13526667788	116.272876,39.99243	[2018-11-11 16:03:00]13526667788	116.38631,39.937209	[2018-11-11 16:03:00]15677778888	116.272876,39.99243	[2018-11-11 16:03:05]13526667788	116.544079,40.417555	[2018-11-11 16:03:05]15622223333	116.544079,40.417555	[2018-11-11 16:03:05]15622223333	116.410886,39.881949	[2018-11-11 16:03:05]15677778888	116.410886,39.881949	[2018-11-11 16:03:05]13526667788	116.397026,39.918058	[2018-11-11 16:03:25]15622223333	116.544079,40.417555	[2018-11-11 16:03:25]13526667788	116.410886,39.881949	[2018-11-11 16:03:25]13526667788	116.397026,39.918058	[2018-11-11 16:03:25]13526667788	116.399466,39.989743	[2018-11-11 16:03:25]
122
13526667788	116.38631,39.937209	[2018-11-11 16:04:58]15677778888	116.397026,39.918058	[2018-11-11 16:04:58]15622223333	116.225404,40.258186	[2018-11-11 16:04:58]15677778888	116.397026,39.918058	[2018-11-11 16:04:58]13526667788	116.399466,39.989743	[2018-11-11 16:04:58]15622223333	116.410886,39.881949	[2018-11-11 16:05:02]15677778888	116.399466,39.989743	[2018-11-11 16:05:02]15622223333	116.399466,39.989743	[2018-11-11 16:05:02]15622223333	116.410886,39.881949	[2018-11-11 16:05:02]15622223333	116.225404,40.258186	[2018-11-11 16:05:02]15622223333	116.544079,40.417555	[2018-11-11 16:05:11]15622223333	116.272876,39.99243	[2018-11-11 16:05:11]13526667788	116.399466,39.989743	[2018-11-11 16:05:11]13526667788	116.544079,40.417555	[2018-11-11 16:05:11]15622223333	116.410886,39.881949	[2018-11-11 16:05:11]13526667788	116.272876,39.99243	[2018-11-11 16:05:13]15622223333	116.272876,39.99243	[2018-11-11 16:05:13]13526667788	116.399466,39.989743	[2018-11-11 16:05:13]15622223333	116.272876,39.99243	[2018-11-11 16:05:13]15677778888	116.397026,39.918058	[2018-11-11 16:05:13]13526667788	116.399466,39.989743	[2018-11-11 16:05:14]15677778888	116.225404,40.258186	[2018-11-11 16:05:14]15677778888	116.544079,40.417555	[2018-11-11 16:05:14]15622223333	116.225404,40.258186	[2018-11-11 16:05:14]15622223333	116.544079,40.417555	[2018-11-11 16:05:14]123
13526667788	116.397026,39.918058	[2018-11-11 16:06:13]
13526667788	116.272876,39.99243	[2018-11-11 16:06:13]
13526667788	116.544079,40.417555	[2018-11-11 16:06:13]
15622223333	116.397026,39.918058	[2018-11-11 16:06:13]
15622223333	116.272876,39.99243	[2018-11-11 16:06:13]
13526667788	116.225404,40.258186	[2018-11-11 16:06:39]
13526667788	116.38631,39.937209	[2018-11-11 16:06:39]
13526667788	116.397026,39.918058	[2018-11-11 16:06:39]
15622223333	116.410886,39.881949	[2018-11-11 16:06:39]
15677778888	116.544079,40.417555	[2018-11-11 16:06:39]
13526667788	116.272876,39.99243	[2018-11-11 16:06:54]
15677778888	116.544079,40.417555	[2018-11-11 16:06:54]
15677778888	116.397026,39.918058	[2018-11-11 16:06:54]
15677778888	116.399466,39.989743	[2018-11-11 16:06:54]
13526667788	116.225404,40.258186	[2018-11-11 16:06:54]
123
15622223333	116.399466,39.989743	[2018-11-11 21:12:58]
15622223333	116.225404,40.258186	[2018-11-11 21:12:58]
13526667788	116.410886,39.881949	[2018-11-11 21:12:58]
13526667788	116.397026,39.918058	[2018-11-11 21:12:58]
13526667788	116.410886,39.881949	[2018-11-11 21:12:58]
15622223333	116.544079,40.417555	[2018-11-11 21:56:09]
13526667788	116.410886,39.881949	[2018-11-11 21:56:09]
13526667788	116.399466,39.989743	[2018-11-11 21:56:09]
13526667788	116.38631,39.937209	[2018-11-11 21:56:09]
13526667788	116.544079,40.417555	[2018-11-11 21:56:09]
15622223333	116.38631,39.937209	[2018-11-11 21:56:26]
15677778888	116.225404,40.258186	[2018-11-11 21:56:26]
15622223333	116.225404,40.258186	[2018-11-11 21:56:26]
15677778888	116.410886,39.881949	[2018-11-11 21:56:26]
15677778888	116.544079,40.417555	[2018-11-11 21:56:26]
15677778888	116.397026,39.918058	[2018-11-11 21:56:27]
13526667788	116.397026,39.918058	[2018-11-11 21:56:27]
15677778888	116.544079,40.417555	[2018-11-11 21:56:27]
13526667788	116.225404,40.258186	[2018-11-11 21:56:27]
13526667788	116.399466,39.989743	[2018-11-11 21:56:27]
15677778888	116.397026,39.918058	[2018-11-11 22:12:38]
15677778888	116.38631,39.937209	[2018-11-11 22:12:38]
13526667788	116.397026,39.918058	[2018-11-11 22:12:38]
15622223333	116.544079,40.417555	[2018-11-11 22:12:38]
15677778888	116.544079,40.417555	[2018-11-11 22:12:38]
15622223333	116.38631,39.937209	[2018-11-11 22:12:40]
15622223333	116.225404,40.258186	[2018-11-11 22:12:40]
15622223333	116.38631,39.937209	[2018-11-11 22:12:40]
13526667788	116.544079,40.417555	[2018-11-11 22:12:40]
13526667788	116.410886,39.881949	[2018-11-11 22:12:40]
13526667788	116.410886,39.881949	[2018-11-11 22:16:17]
15622223333	116.272876,39.99243	[2018-11-11 22:16:17]
15622223333	116.410886,39.881949	[2018-11-11 22:16:17]
15677778888	116.225404,40.258186	[2018-11-11 22:16:17]
15622223333	116.410886,39.881949	[2018-11-11 22:16:17]
13526667788	116.544079,40.417555	[2018-11-11 22:16:35]
13526667788	116.38631,39.937209	[2018-11-11 22:16:35]
15677778888	116.225404,40.258186	[2018-11-11 22:16:35]
15622223333	116.272876,39.99243	[2018-11-11 22:16:35]
15677778888	116.399466,39.989743	[2018-11-11 22:16:35]
